Warning: DeliveryProcess:Ciclo de Vida: missing resource file './../../Enutri/deliveryprocesses/Concep&ccedil;&atilde;o_D0CD253D.html'
Warning: DeliveryProcess:Ciclo de Vida: missing resource file './../../Enutri/deliveryprocesses/Elabora&ccedil;&atilde;o_BA1306FB.html'
Warning: DeliveryProcess:Ciclo de Vida: missing resource file './../../Enutri/deliveryprocesses/Constru&ccedil;&atilde;o_23F49068.html'
Warning: DeliveryProcess:Ciclo de Vida: missing resource file './../../Enutri/deliveryprocesses/Marco da libera&ccedil;&atilde;o do produto_4116F9C.html'
Warning: DeliveryProcess:Ciclo de Vida: missing resource file './../../Enutri/deliveryprocesses/Transi&ccedil;&atilde;o_862C0570.html'
Warning: DeliveryProcess:Ciclo de Vida: missing resource file './../../Enutri/deliveryprocesses/Concep&ccedil;&atilde;o_D0CD253D.html'
Warning: DeliveryProcess:Ciclo de Vida: missing resource file './../../Enutri/deliveryprocesses/Elabora&ccedil;&atilde;o_BA1306FB.html'
Warning: DeliveryProcess:Ciclo de Vida: missing resource file './../../Enutri/deliveryprocesses/Constru&ccedil;&atilde;o_23F49068.html'
Warning: DeliveryProcess:Ciclo de Vida: missing resource file './../../Enutri/deliveryprocesses/Marco da libera&ccedil;&atilde;o do produto_4116F9C.html'
Warning: DeliveryProcess:Ciclo de Vida: missing resource file './../../Enutri/deliveryprocesses/Transi&ccedil;&atilde;o_862C0570.html'
Warning: Phase:Concepção: missing resource file './../../Enutri/deliveryprocesses/resources/Concep&ccedil;&atilde;o_D0CD253D_Activity.jpeg'
Warning: Phase:Concepção: missing resource file './../../Enutri/deliveryprocesses/Itera&ccedil;&atilde;o de concep&ccedil;&atilde;o I1..In_2D610397.html'
Warning: Phase:Concepção: missing resource file './../../Enutri/deliveryprocesses/resources/Concep&ccedil;&atilde;o_D0CD253D_Activity.jpeg'
Warning: Phase:Concepção: missing resource file './../../Enutri/deliveryprocesses/Itera&ccedil;&atilde;o de concep&ccedil;&atilde;o I1..In_2D610397.html'
Warning: Iteration:Iteração de concepção [I1..In]: missing resource file './../../Enutri/deliveryprocesses/resources/Itera&ccedil;&atilde;o de concep&ccedil;&atilde;o I1..In_2D610397_Activity.jpeg'
Warning: Iteration:Iteração de concepção [I1..In]: missing resource file './../../Enutri/deliveryprocesses/Concep&ccedil;&atilde;o_D0CD253D.html'
Warning: Iteration:Iteração de concepção [I1..In]: missing resource file './../../Enutri/deliveryprocesses/resources/Itera&ccedil;&atilde;o de concep&ccedil;&atilde;o I1..In_2D610397_Activity.jpeg'
Warning: CapabilityPattern:iteracao_gerenciar: missing resource file './../../Enutri/deliveryprocesses/Itera&ccedil;&atilde;o de concep&ccedil;&atilde;o I1..In_2D610397.html'
Warning: CapabilityPattern:projeto_iniciar: missing resource file './../../Enutri/deliveryprocesses/Itera&ccedil;&atilde;o de concep&ccedil;&atilde;o I1..In_2D610397.html'
Warning: CapabilityPattern:requisitos_identificar: missing resource file './../../Enutri/deliveryprocesses/Itera&ccedil;&atilde;o de concep&ccedil;&atilde;o I1..In_2D610397.html'
Warning: Phase:Elaboração: missing resource file './../../Enutri/deliveryprocesses/resources/Elabora&ccedil;&atilde;o_BA1306FB_Activity.jpeg'
Warning: Phase:Elaboração: missing resource file './../../Enutri/deliveryprocesses/An&aacute;lise de Requisitos E1..Ea_A4465B18.html'
Warning: Phase:Elaboração: missing resource file './../../Enutri/deliveryprocesses/Interface com o usu&aacute;rio Ec 1..Ed_C2D547DA.html'
Warning: Phase:Elaboração: missing resource file './../../Enutri/deliveryprocesses/Planejamento da constru&ccedil;&atilde;o Ed 1..Ee_76D89DD8.html'
Warning: Phase:Elaboração: missing resource file './../../Enutri/deliveryprocesses/resources/Elabora&ccedil;&atilde;o_BA1306FB_Activity.jpeg'
Warning: Phase:Elaboração: missing resource file './../../Enutri/deliveryprocesses/An&aacute;lise de Requisitos E1..Ea_A4465B18.html'
Warning: Phase:Elaboração: missing resource file './../../Enutri/deliveryprocesses/Interface com o usu&aacute;rio Ec 1..Ed_C2D547DA.html'
Warning: Phase:Elaboração: missing resource file './../../Enutri/deliveryprocesses/Planejamento da constru&ccedil;&atilde;o Ed 1..Ee_76D89DD8.html'
Warning: Iteration:Análise de Requisitos [E1..Ea]: missing resource file './../../Enutri/deliveryprocesses/resources/An&aacute;lise de Requisitos E1..Ea_A4465B18_Activity.jpeg'
Warning: Iteration:Análise de Requisitos [E1..Ea]: missing resource file './../../Enutri/deliveryprocesses/Elabora&ccedil;&atilde;o_BA1306FB.html'
Warning: Iteration:Análise de Requisitos [E1..Ea]: missing resource file './../../Enutri/deliveryprocesses/resources/An&aacute;lise de Requisitos E1..Ea_A4465B18_Activity.jpeg'
Warning: CapabilityPattern:iteracao_planejar_gerenciar: missing resource file './../../Enutri/deliveryprocesses/An&aacute;lise de Requisitos E1..Ea_A4465B18.html'
Warning: CapabilityPattern:requisitos_identificar_refinar: missing resource file './../../Enutri/deliveryprocesses/An&aacute;lise de Requisitos E1..Ea_A4465B18.html'
Warning: Iteration:Arquitetura [Ea+1..Eb]: missing resource file './../../Enutri/deliveryprocesses/Elabora&ccedil;&atilde;o_BA1306FB.html'
Warning: Iteration:Banco de dados [Eb+1..Ec]: missing resource file './../../Enutri/deliveryprocesses/Elabora&ccedil;&atilde;o_BA1306FB.html'
Warning: Iteration:Interface com o usuário [Ec+1..Ed]: missing resource file './../../Enutri/deliveryprocesses/resources/Interface com o usu&aacute;rio Ec 1..Ed_C2D547DA_Activity.jpeg'
Warning: Iteration:Interface com o usuário [Ec+1..Ed]: missing resource file './../../Enutri/deliveryprocesses/Desenvolver a Interface com o Usu&aacute;rio_F1256DDF.html'
Warning: Iteration:Interface com o usuário [Ec+1..Ed]: missing resource file './../../Enutri/deliveryprocesses/Elabora&ccedil;&atilde;o_BA1306FB.html'
Warning: Iteration:Interface com o usuário [Ec+1..Ed]: missing resource file './../../Enutri/deliveryprocesses/resources/Interface com o usu&aacute;rio Ec 1..Ed_C2D547DA_Activity.jpeg'
Warning: Iteration:Interface com o usuário [Ec+1..Ed]: missing resource file './../../Enutri/deliveryprocesses/Desenvolver a Interface com o Usu&aacute;rio_F1256DDF.html'
Warning: CapabilityPattern:Desenvolver a Interface com o Usuário: missing resource file './../../Enutri/deliveryprocesses/resources/Desenvolver a Interface com o Usu&aacute;rio_F1256DDF_Activity.jpeg'
Warning: CapabilityPattern:Desenvolver a Interface com o Usuário: missing resource file './../../Enutri/deliveryprocesses/Interface com o usu&aacute;rio Ec 1..Ed_C2D547DA.html'
Warning: CapabilityPattern:Desenvolver a Interface com o Usuário: missing resource file './../../Enutri/deliveryprocesses/resources/Desenvolver a Interface com o Usu&aacute;rio_F1256DDF_Activity.jpeg'
Warning: CapabilityPattern:iteracao_planejar_gerenciar: missing resource file './../../Enutri/deliveryprocesses/Interface com o usu&aacute;rio Ec 1..Ed_C2D547DA.html'
Warning: Iteration:Planejamento da construção [Ed+1..Ee]: missing resource file './../../Enutri/deliveryprocesses/resources/Planejamento da constru&ccedil;&atilde;o Ed 1..Ee_76D89DD8_Activity.jpeg'
Warning: Iteration:Planejamento da construção [Ed+1..Ee]: missing resource file './../../Enutri/deliveryprocesses/Elabora&ccedil;&atilde;o_BA1306FB.html'
Warning: Iteration:Planejamento da construção [Ed+1..Ee]: missing resource file './../../Enutri/deliveryprocesses/resources/Planejamento da constru&ccedil;&atilde;o Ed 1..Ee_76D89DD8_Activity.jpeg'
Warning: CapabilityPattern:iteracao_planejar_gerenciar: missing resource file './../../Enutri/deliveryprocesses/Planejamento da constru&ccedil;&atilde;o Ed 1..Ee_76D89DD8.html'
Warning: CapabilityPattern:backlog_manter: missing resource file './../../Enutri/deliveryprocesses/Planejamento da constru&ccedil;&atilde;o Ed 1..Ee_76D89DD8.html'
Warning: Phase:Construção: missing resource file './../../Enutri/deliveryprocesses/resources/Constru&ccedil;&atilde;o_23F49068_Activity.jpeg'
Warning: Phase:Construção: missing resource file './../../Enutri/deliveryprocesses/Itera&ccedil;&atilde;o de constru&ccedil;&atilde;o C1..Cn_A3650256.html'
Warning: Phase:Construção: missing resource file './../../Enutri/deliveryprocesses/resources/Constru&ccedil;&atilde;o_23F49068_Activity.jpeg'
Warning: Phase:Construção: missing resource file './../../Enutri/deliveryprocesses/Itera&ccedil;&atilde;o de constru&ccedil;&atilde;o C1..Cn_A3650256.html'
Warning: Iteration:Iteração de construção [C1..Cn]: missing resource file './../../Enutri/deliveryprocesses/resources/Itera&ccedil;&atilde;o de constru&ccedil;&atilde;o C1..Cn_A3650256_Activity.jpeg'
Warning: Iteration:Iteração de construção [C1..Cn]: missing resource file './../../Enutri/deliveryprocesses/Constru&ccedil;&atilde;o_23F49068.html'
Warning: Iteration:Iteração de construção [C1..Cn]: missing resource file './../../Enutri/deliveryprocesses/resources/Itera&ccedil;&atilde;o de constru&ccedil;&atilde;o C1..Cn_A3650256_Activity.jpeg'
Warning: CapabilityPattern:iteracao_planejar_gerenciar: missing resource file './../../Enutri/deliveryprocesses/Itera&ccedil;&atilde;o de constru&ccedil;&atilde;o C1..Cn_A3650256.html'
Warning: CapabilityPattern:implementar: missing resource file './../../Enutri/deliveryprocesses/Itera&ccedil;&atilde;o de constru&ccedil;&atilde;o C1..Cn_A3650256.html'
Warning: CapabilityPattern:backlog_manter: missing resource file './../../Enutri/deliveryprocesses/Itera&ccedil;&atilde;o de constru&ccedil;&atilde;o C1..Cn_A3650256.html'
Warning: Iteration:Implantação do sistema [T1..Ea]: missing resource file './../../Enutri/deliveryprocesses/Transi&ccedil;&atilde;o_862C0570.html'
Warning: Iteration:Treinamento [Ta+1..Eb]: missing resource file './../../Enutri/deliveryprocesses/Transi&ccedil;&atilde;o_862C0570.html'
